{"name": "TC013_Remove products from cart", "status": "failed", "statusDetails": {"message": "AssertionError: None\nassert False", "trace": "fixturefunc = <function verify_item_not_in_cart at 0x000001604BC4CB80>\nrequest = <FixtureRequest for <Function test_report_tc13>>, kwargs = {}\n\n    def call_fixture_func(\n        fixturefunc: _FixtureFunc[FixtureValue], request: FixtureRequest, kwargs\n    ) -> FixtureValue:\n        if is_generator(fixturefunc):\n            fixturefunc = cast(\n                Callable[..., Generator[FixtureValue, None, None]], fixturefunc\n            )\n            generator = fixturefunc(**kwargs)\n            try:\n                fixture_result = next(generator)\n            except StopIteration:\n                raise ValueError(f\"{request.fixturename} did not yield a value\") from None\n            finalizer = functools.partial(_teardown_yield_fixture, fixturefunc, generator)\n            request.addfinalizer(finalizer)\n        else:\n            fixturefunc = cast(Callable[..., FixtureValue], fixturefunc)\n>           fixture_result = fixturefunc(**kwargs)\n\nvenv\\Lib\\site-packages\\_pytest\\fixtures.py:897: \n_ _ _ _ _ _ _ _ _ _ _ _ _ _ _ _ _ _ _ _ _ _ _ _ _ _ _ _ _ _ _ _ _ _ _ _ _ _ _ _\n\n    @then(parsers.parse(\"Verify item not in cart\"))\n    def verify_item_not_in_cart():\n        sdpp = SauceDemoProductPage(driver)\n        status = sdpp.verify_item(\"Sauce Labs Backpack\")\n>       assert False,status\nE       AssertionError: None\nE       assert False\n\ntests\\test_cases\\test_saucedemo.py:186: AssertionError"}, "description": "D:\\Project\\QE_JavaPython\\framework_python\\test_py_web\\tests\\test_cases\\..\\features\\sauce_demo.feature: TC013_Remove products from cart", "steps": [{"name": "Login into sauce demo using id and password", "status": "passed", "start": 1723451249202, "stop": 1723451249436}, {"name": "Click login button", "status": "passed", "start": 1723451252445, "stop": 1723451252563}, {"name": "Click add to cart", "status": "passed", "start": 1723451255567, "stop": 1723451255613}, {"name": "Click go to cart", "status": "passed", "start": 1723451258615, "stop": 1723451258661}, {"name": "Click remove from cart", "status": "passed", "start": 1723451261663, "stop": 1723451261731}], "attachments": [{"name": "log", "source": "656f7dd5-4a36-42df-b280-be004ea42eeb-attachment.txt", "type": "text/plain"}, {"name": "stdout", "source": "23fc18b9-1aa9-4484-a867-b1cc847f6b95-attachment.txt", "type": "text/plain"}], "start": 1723451239198, "stop": 1723451268769, "uuid": "e03536c9-057c-4890-8b80-0713114a6ac3", "historyId": "3d386302d829fd9769bd0dde8498d09d", "testCaseId": "3d386302d829fd9769bd0dde8498d09d", "fullName": "tests.test_cases.test_saucedemo#test_report_tc13", "labels": [{"name": "feature", "value": "Validate removal of product from cart"}, {"name": "severity", "value": "minor"}, {"name": "tag", "value": "@pytest.mark.usefixtures"}, {"name": "parentSuite", "value": "tests.test_cases"}, {"name": "suite", "value": "test_saucedemo"}, {"name": "host", "value": "TIGER04836"}, {"name": "thread", "value": "15496-MainThread"}, {"name": "framework", "value": "pytest"}, {"name": "language", "value": "cpython3"}, {"name": "package", "value": "tests.test_cases.test_saucedemo"}]}