{"name": "TC013_Remove products from cart", "status": "failed", "statusDetails": {"message": "AssertionError: True\nassert False", "trace": "fixturefunc = <function verify_item_not_in_cart at 0x000001AD42DA4B80>\nrequest = <FixtureRequest for <Function test_report_tc13>>, kwargs = {}\n\n    def call_fixture_func(\n        fixturefunc: _FixtureFunc[FixtureValue], request: FixtureRequest, kwargs\n    ) -> FixtureValue:\n        if is_generator(fixturefunc):\n            fixturefunc = cast(\n                Callable[..., Generator[FixtureValue, None, None]], fixturefunc\n            )\n            generator = fixturefunc(**kwargs)\n            try:\n                fixture_result = next(generator)\n            except StopIteration:\n                raise ValueError(f\"{request.fixturename} did not yield a value\") from None\n            finalizer = functools.partial(_teardown_yield_fixture, fixturefunc, generator)\n            request.addfinalizer(finalizer)\n        else:\n            fixturefunc = cast(Callable[..., FixtureValue], fixturefunc)\n>           fixture_result = fixturefunc(**kwargs)\n\nvenv\\Lib\\site-packages\\_pytest\\fixtures.py:897: \n_ _ _ _ _ _ _ _ _ _ _ _ _ _ _ _ _ _ _ _ _ _ _ _ _ _ _ _ _ _ _ _ _ _ _ _ _ _ _ _\n\n    @then(parsers.parse(\"Verify item not in cart\"))\n    def verify_item_not_in_cart():\n        sdpp = SauceDemoProductPage(driver)\n        status = sdpp.verify_item(\"Sauce Labs Backpack\")\n        print(status)\n>       assert False, status\nE       AssertionError: True\nE       assert False\n\ntests\\test_cases\\test_saucedemo.py:184: AssertionError"}, "description": "D:\\Project\\QE_JavaPython\\framework_python\\test_py_web\\tests\\test_cases\\..\\features\\sauce_demo.feature: TC013_Remove products from cart", "steps": [{"name": "Login into sauce demo using id and password", "status": "passed", "start": 1723452207841, "stop": 1723452208038}, {"name": "Click login button", "status": "passed", "start": 1723452211040, "stop": 1723452211116}, {"name": "Click add to cart", "status": "passed", "start": 1723452214120, "stop": 1723452214163}, {"name": "Click go to cart", "status": "passed", "start": 1723452217164, "stop": 1723452217233}, {"name": "Click remove from cart", "status": "passed", "start": 1723452220234, "stop": 1723452220274}], "attachments": [{"name": "log", "source": "85faa458-5524-451a-8075-baa486b6b347-attachment.txt", "type": "text/plain"}, {"name": "stdout", "source": "ce658561-8fc8-4695-9632-2c0a236b096a-attachment.txt", "type": "text/plain"}], "start": 1723452197837, "stop": 1723452227330, "uuid": "f63e0b8e-1e78-4c17-ad6c-b91558374f34", "historyId": "3d386302d829fd9769bd0dde8498d09d", "testCaseId": "3d386302d829fd9769bd0dde8498d09d", "fullName": "tests.test_cases.test_saucedemo#test_report_tc13", "labels": [{"name": "feature", "value": "Validate removal of product from cart"}, {"name": "severity", "value": "minor"}, {"name": "tag", "value": "@pytest.mark.usefixtures"}, {"name": "parentSuite", "value": "tests.test_cases"}, {"name": "suite", "value": "test_saucedemo"}, {"name": "host", "value": "TIGER04836"}, {"name": "thread", "value": "26532-MainThread"}, {"name": "framework", "value": "pytest"}, {"name": "language", "value": "cpython3"}, {"name": "package", "value": "tests.test_cases.test_saucedemo"}]}