{"name": "TC013_Remove products from cart", "status": "failed", "statusDetails": {"message": "AssertionError: True\nassert False", "trace": "fixturefunc = <function verify_item_not_in_cart at 0x0000020BF557CC20>\nrequest = <FixtureRequest for <Function test_report_tc13>>, kwargs = {}\n\n    def call_fixture_func(\n        fixturefunc: _FixtureFunc[FixtureValue], request: FixtureRequest, kwargs\n    ) -> FixtureValue:\n        if is_generator(fixturefunc):\n            fixturefunc = cast(\n                Callable[..., Generator[FixtureValue, None, None]], fixturefunc\n            )\n            generator = fixturefunc(**kwargs)\n            try:\n                fixture_result = next(generator)\n            except StopIteration:\n                raise ValueError(f\"{request.fixturename} did not yield a value\") from None\n            finalizer = functools.partial(_teardown_yield_fixture, fixturefunc, generator)\n            request.addfinalizer(finalizer)\n        else:\n            fixturefunc = cast(Callable[..., FixtureValue], fixturefunc)\n>           fixture_result = fixturefunc(**kwargs)\n\nvenv\\Lib\\site-packages\\_pytest\\fixtures.py:897: \n_ _ _ _ _ _ _ _ _ _ _ _ _ _ _ _ _ _ _ _ _ _ _ _ _ _ _ _ _ _ _ _ _ _ _ _ _ _ _ _\n\n    @then(parsers.parse(\"Verify item not in cart\"))\n    def verify_item_not_in_cart():\n        sdpp = SauceDemoProductPage(driver)\n        status = sdpp.verify_item(\"Sauce Labs Backpack\")\n        print(status)\n>       assert False, status\nE       AssertionError: True\nE       assert False\n\ntests\\test_cases\\test_saucedemo.py:184: AssertionError"}, "description": "D:\\Project\\QE_JavaPython\\framework_python\\test_py_web\\tests\\test_cases\\..\\features\\sauce_demo.feature: TC013_Remove products from cart", "steps": [{"name": "Login into sauce demo using id and password", "status": "passed", "start": 1723451732183, "stop": 1723451732371}, {"name": "Click login button", "status": "passed", "start": 1723451735372, "stop": 1723451735464}, {"name": "Click add to cart", "status": "passed", "start": 1723451738467, "stop": 1723451738508}, {"name": "Click go to cart", "status": "passed", "start": 1723451741509, "stop": 1723451741566}, {"name": "Click remove from cart", "status": "passed", "start": 1723451744567, "stop": 1723451744605}], "attachments": [{"name": "log", "source": "6b151963-ea92-4ab4-9a74-19a8191e5cd9-attachment.txt", "type": "text/plain"}, {"name": "stdout", "source": "857f48f5-49e3-452b-be01-73fc6663ab30-attachment.txt", "type": "text/plain"}], "start": 1723451722179, "stop": 1723451751619, "uuid": "55018499-a95b-4453-b7f9-62d2d718b433", "historyId": "3d386302d829fd9769bd0dde8498d09d", "testCaseId": "3d386302d829fd9769bd0dde8498d09d", "fullName": "tests.test_cases.test_saucedemo#test_report_tc13", "labels": [{"name": "severity", "value": "minor"}, {"name": "feature", "value": "Validate removal of product from cart"}, {"name": "tag", "value": "@pytest.mark.usefixtures"}, {"name": "parentSuite", "value": "tests.test_cases"}, {"name": "suite", "value": "test_saucedemo"}, {"name": "host", "value": "TIGER04836"}, {"name": "thread", "value": "23996-MainThread"}, {"name": "framework", "value": "pytest"}, {"name": "language", "value": "cpython3"}, {"name": "package", "value": "tests.test_cases.test_saucedemo"}]}