{"name": "TC013_Remove products from cart", "status": "failed", "statusDetails": {"message": "AssertionError: False\nassert False", "trace": "fixturefunc = <function verify_item_not_in_cart at 0x000001E4BDC64AE0>\nrequest = <FixtureRequest for <Function test_report_tc13>>, kwargs = {}\n\n    def call_fixture_func(\n        fixturefunc: _FixtureFunc[FixtureValue], request: FixtureRequest, kwargs\n    ) -> FixtureValue:\n        if is_generator(fixturefunc):\n            fixturefunc = cast(\n                Callable[..., Generator[FixtureValue, None, None]], fixturefunc\n            )\n            generator = fixturefunc(**kwargs)\n            try:\n                fixture_result = next(generator)\n            except StopIteration:\n                raise ValueError(f\"{request.fixturename} did not yield a value\") from None\n            finalizer = functools.partial(_teardown_yield_fixture, fixturefunc, generator)\n            request.addfinalizer(finalizer)\n        else:\n            fixturefunc = cast(Callable[..., FixtureValue], fixturefunc)\n>           fixture_result = fixturefunc(**kwargs)\n\nvenv\\Lib\\site-packages\\_pytest\\fixtures.py:897: \n_ _ _ _ _ _ _ _ _ _ _ _ _ _ _ _ _ _ _ _ _ _ _ _ _ _ _ _ _ _ _ _ _ _ _ _ _ _ _ _\n\n    @then(parsers.parse(\"Verify item not in cart\"))\n    def verify_item_not_in_cart():\n        sdpp = SauceDemoProductPage(driver)\n        status = sdpp.verify_item(\"Sauce Labs Backpack\")\n        print(status)\n>       assert status, False\nE       AssertionError: False\nE       assert False\n\ntests\\test_cases\\test_saucedemo.py:187: AssertionError"}, "description": "D:\\Project\\QE_JavaPython\\framework_python\\test_py_web\\tests\\test_cases\\..\\features\\sauce_demo.feature: TC013_Remove products from cart", "steps": [{"name": "Login into sauce demo using id and password", "status": "passed", "start": 1723453138308, "stop": 1723453138464}, {"name": "Click login button", "status": "passed", "start": 1723453141467, "stop": 1723453141722}, {"name": "Click add to cart", "status": "passed", "start": 1723453144725, "stop": 1723453144793}, {"name": "Click go to cart", "status": "passed", "start": 1723453147796, "stop": 1723453147863}, {"name": "Click remove from cart", "status": "passed", "start": 1723453150865, "stop": 1723453150944}], "attachments": [{"name": "log", "source": "f165366e-8a70-49bf-9639-709c691f1d70-attachment.txt", "type": "text/plain"}, {"name": "stdout", "source": "7d79af38-d959-4263-9c7f-e8f48e064f47-attachment.txt", "type": "text/plain"}], "start": 1723453128305, "stop": 1723453158020, "uuid": "76ea7ca7-0593-475d-98d8-9a37fe979777", "historyId": "3d386302d829fd9769bd0dde8498d09d", "testCaseId": "3d386302d829fd9769bd0dde8498d09d", "fullName": "tests.test_cases.test_saucedemo#test_report_tc13", "labels": [{"name": "severity", "value": "minor"}, {"name": "feature", "value": "Validate removal of product from cart"}, {"name": "tag", "value": "@pytest.mark.usefixtures"}, {"name": "parentSuite", "value": "tests.test_cases"}, {"name": "suite", "value": "test_saucedemo"}, {"name": "host", "value": "TIGER04836"}, {"name": "thread", "value": "26048-MainThread"}, {"name": "framework", "value": "pytest"}, {"name": "language", "value": "cpython3"}, {"name": "package", "value": "tests.test_cases.test_saucedemo"}]}