{"name": "TC013_Remove products from cart", "status": "failed", "statusDetails": {"message": "AssertionError: None\nassert False", "trace": "fixturefunc = <function verify_item_not_in_cart at 0x000002CAC1D8CB80>\nrequest = <FixtureRequest for <Function test_report_tc13>>, kwargs = {}\n\n    def call_fixture_func(\n        fixturefunc: _FixtureFunc[FixtureValue], request: FixtureRequest, kwargs\n    ) -> FixtureValue:\n        if is_generator(fixturefunc):\n            fixturefunc = cast(\n                Callable[..., Generator[FixtureValue, None, None]], fixturefunc\n            )\n            generator = fixturefunc(**kwargs)\n            try:\n                fixture_result = next(generator)\n            except StopIteration:\n                raise ValueError(f\"{request.fixturename} did not yield a value\") from None\n            finalizer = functools.partial(_teardown_yield_fixture, fixturefunc, generator)\n            request.addfinalizer(finalizer)\n        else:\n            fixturefunc = cast(Callable[..., FixtureValue], fixturefunc)\n>           fixture_result = fixturefunc(**kwargs)\n\nvenv\\Lib\\site-packages\\_pytest\\fixtures.py:897: \n_ _ _ _ _ _ _ _ _ _ _ _ _ _ _ _ _ _ _ _ _ _ _ _ _ _ _ _ _ _ _ _ _ _ _ _ _ _ _ _\n\n    @then(parsers.parse(\"Verify item not in cart\"))\n    def verify_item_not_in_cart():\n        sdpp = SauceDemoProductPage(driver)\n        status = sdpp.verify_item(\"Sauce Labs Backpack\")\n        print(status)\n>       assert False,status\nE       AssertionError: None\nE       assert False\n\ntests\\test_cases\\test_saucedemo.py:186: AssertionError"}, "description": "D:\\Project\\QE_JavaPython\\framework_python\\test_py_web\\tests\\test_cases\\..\\features\\sauce_demo.feature: TC013_Remove products from cart", "steps": [{"name": "Login into sauce demo using id and password", "status": "passed", "start": 1723451417162, "stop": 1723451417392}, {"name": "Click login button", "status": "passed", "start": 1723451420395, "stop": 1723451420495}, {"name": "Click add to cart", "status": "passed", "start": 1723451423497, "stop": 1723451423535}, {"name": "Click go to cart", "status": "passed", "start": 1723451426539, "stop": 1723451426597}, {"name": "Click remove from cart", "status": "passed", "start": 1723451429600, "stop": 1723451429646}], "attachments": [{"name": "log", "source": "c165dc5f-fcf8-4260-92bc-c6aefcdb1b5c-attachment.txt", "type": "text/plain"}, {"name": "stdout", "source": "6d0b689a-456e-476b-b6db-084408a83413-attachment.txt", "type": "text/plain"}], "start": 1723451407159, "stop": 1723451436665, "uuid": "2626bdf1-1cfc-4cbb-a7b1-8e22792a8dc0", "historyId": "3d386302d829fd9769bd0dde8498d09d", "testCaseId": "3d386302d829fd9769bd0dde8498d09d", "fullName": "tests.test_cases.test_saucedemo#test_report_tc13", "labels": [{"name": "feature", "value": "Validate removal of product from cart"}, {"name": "severity", "value": "minor"}, {"name": "tag", "value": "@pytest.mark.usefixtures"}, {"name": "parentSuite", "value": "tests.test_cases"}, {"name": "suite", "value": "test_saucedemo"}, {"name": "host", "value": "TIGER04836"}, {"name": "thread", "value": "2456-MainThread"}, {"name": "framework", "value": "pytest"}, {"name": "language", "value": "cpython3"}, {"name": "package", "value": "tests.test_cases.test_saucedemo"}]}