{"name": "TC013_Remove products from cart", "status": "failed", "statusDetails": {"message": "AssertionError: False\nassert False", "trace": "fixturefunc = <function verify_item_not_in_cart at 0x000001DCC0DECC20>\nrequest = <FixtureRequest for <Function test_report_tc13>>, kwargs = {}\n\n    def call_fixture_func(\n        fixturefunc: _FixtureFunc[FixtureValue], request: FixtureRequest, kwargs\n    ) -> FixtureValue:\n        if is_generator(fixturefunc):\n            fixturefunc = cast(\n                Callable[..., Generator[FixtureValue, None, None]], fixturefunc\n            )\n            generator = fixturefunc(**kwargs)\n            try:\n                fixture_result = next(generator)\n            except StopIteration:\n                raise ValueError(f\"{request.fixturename} did not yield a value\") from None\n            finalizer = functools.partial(_teardown_yield_fixture, fixturefunc, generator)\n            request.addfinalizer(finalizer)\n        else:\n            fixturefunc = cast(Callable[..., FixtureValue], fixturefunc)\n>           fixture_result = fixturefunc(**kwargs)\n\nvenv\\Lib\\site-packages\\_pytest\\fixtures.py:897: \n_ _ _ _ _ _ _ _ _ _ _ _ _ _ _ _ _ _ _ _ _ _ _ _ _ _ _ _ _ _ _ _ _ _ _ _ _ _ _ _\n\n    @then(parsers.parse(\"Verify item not in cart\"))\n    def verify_item_not_in_cart():\n        sdpp = SauceDemoProductPage(driver)\n        itempresent = sdpp.verify_item(\"Sauce Labs Backpack\")\n>       assert False, itempresent\nE       AssertionError: False\nE       assert False\n\ntests\\test_cases\\test_saucedemo.py:186: AssertionError"}, "description": "D:\\Project\\QE_JavaPython\\framework_python\\test_py_web\\tests\\test_cases\\..\\features\\sauce_demo.feature: TC013_Remove products from cart", "steps": [{"name": "Login into sauce demo using id and password", "status": "passed", "start": 1723453535629, "stop": 1723453535831}, {"name": "Click login button", "status": "passed", "start": 1723453538834, "stop": 1723453538939}, {"name": "Click add to cart", "status": "passed", "start": 1723453541943, "stop": 1723453542006}, {"name": "Click go to cart", "status": "passed", "start": 1723453545009, "stop": 1723453545127}, {"name": "Click remove from cart", "status": "passed", "start": 1723453548129, "stop": 1723453548180}], "attachments": [{"name": "log", "source": "d6077725-4566-4ba5-9a14-08bb8731127a-attachment.txt", "type": "text/plain"}, {"name": "stdout", "source": "c5b09fe9-505e-4b5f-b951-78c639de598e-attachment.txt", "type": "text/plain"}], "start": 1723453525625, "stop": 1723453555201, "uuid": "9a5fa956-8c88-49d2-957a-3f87175bdec4", "historyId": "3d386302d829fd9769bd0dde8498d09d", "testCaseId": "3d386302d829fd9769bd0dde8498d09d", "fullName": "tests.test_cases.test_saucedemo#test_report_tc13", "labels": [{"name": "feature", "value": "Validate removal of product from cart"}, {"name": "severity", "value": "minor"}, {"name": "tag", "value": "@pytest.mark.usefixtures"}, {"name": "parentSuite", "value": "tests.test_cases"}, {"name": "suite", "value": "test_saucedemo"}, {"name": "host", "value": "TIGER04836"}, {"name": "thread", "value": "16720-MainThread"}, {"name": "framework", "value": "pytest"}, {"name": "language", "value": "cpython3"}, {"name": "package", "value": "tests.test_cases.test_saucedemo"}]}