{"name": "TC012_Add products to cart", "status": "failed", "statusDetails": {"message": "AssertionError: True\nassert False", "trace": "fixturefunc = <function verify_item_in_cart at 0x00000222D9BB8860>\nrequest = <FixtureRequest for <Function test_report_tc12>>, kwargs = {}\n\n    def call_fixture_func(\n        fixturefunc: _FixtureFunc[FixtureValue], request: FixtureRequest, kwargs\n    ) -> FixtureValue:\n        if is_generator(fixturefunc):\n            fixturefunc = cast(\n                Callable[..., Generator[FixtureValue, None, None]], fixturefunc\n            )\n            generator = fixturefunc(**kwargs)\n            try:\n                fixture_result = next(generator)\n            except StopIteration:\n                raise ValueError(f\"{request.fixturename} did not yield a value\") from None\n            finalizer = functools.partial(_teardown_yield_fixture, fixturefunc, generator)\n            request.addfinalizer(finalizer)\n        else:\n            fixturefunc = cast(Callable[..., FixtureValue], fixturefunc)\n>           fixture_result = fixturefunc(**kwargs)\n\nvenv\\Lib\\site-packages\\_pytest\\fixtures.py:897: \n_ _ _ _ _ _ _ _ _ _ _ _ _ _ _ _ _ _ _ _ _ _ _ _ _ _ _ _ _ _ _ _ _ _ _ _ _ _ _ _\n\n    @then(parsers.parse(\"Verify item in cart\"))\n    def verify_item_in_cart():\n        print(\"Inside Verify item in the cart method\")\n        sdpp = SauceDemoProductPage(driver)\n        status = sdpp.verify_item(\"Sauce Labs Backpack\")\n        print(status)\n>       assert False, status\nE       AssertionError: True\nE       assert False\n\ntests\\test_cases\\test_saucedemo.py:173: AssertionError"}, "description": "D:\\Project\\QE_JavaPython\\framework_python\\test_py_web\\tests\\test_cases\\..\\features\\sauce_demo.feature: TC012_Add products to cart", "steps": [{"name": "Login into sauce demo using id and password", "status": "passed", "start": 1723452739271, "stop": 1723452739473}, {"name": "Click login button", "status": "passed", "start": 1723452742477, "stop": 1723452742565}, {"name": "Click add to cart", "status": "passed", "start": 1723452745573, "stop": 1723452745632}, {"name": "Click go to cart", "status": "passed", "start": 1723452748634, "stop": 1723452748708}], "attachments": [{"name": "log", "source": "ce2089e3-cc9a-4e7a-91f9-80447dd4218c-attachment.txt", "type": "text/plain"}, {"name": "stdout", "source": "049df18a-a461-451a-bb09-719475f259f8-attachment.txt", "type": "text/plain"}], "start": 1723452729269, "stop": 1723452748745, "uuid": "f8c15afe-f24c-44e3-81ab-01d68599c54c", "historyId": "ef069ceb165fdfcdb24a8270c33a7acf", "testCaseId": "ef069ceb165fdfcdb24a8270c33a7acf", "fullName": "tests.test_cases.test_saucedemo#test_report_tc12", "labels": [{"name": "severity", "value": "normal"}, {"name": "feature", "value": "Validate Adding product to cart"}, {"name": "tag", "value": "@pytest.mark.usefixtures"}, {"name": "parentSuite", "value": "tests.test_cases"}, {"name": "suite", "value": "test_saucedemo"}, {"name": "host", "value": "TIGER04836"}, {"name": "thread", "value": "11532-MainThread"}, {"name": "framework", "value": "pytest"}, {"name": "language", "value": "cpython3"}, {"name": "package", "value": "tests.test_cases.test_saucedemo"}]}