{"name": "TC013_Remove products from cart", "status": "failed", "statusDetails": {"message": "AssertionError: None\nassert False", "trace": "fixturefunc = <function verify_item_not_in_cart at 0x0000026621F3CAE0>\nrequest = <FixtureRequest for <Function test_report_tc13>>, kwargs = {}\n\n    def call_fixture_func(\n        fixturefunc: _FixtureFunc[FixtureValue], request: FixtureRequest, kwargs\n    ) -> FixtureValue:\n        if is_generator(fixturefunc):\n            fixturefunc = cast(\n                Callable[..., Generator[FixtureValue, None, None]], fixturefunc\n            )\n            generator = fixturefunc(**kwargs)\n            try:\n                fixture_result = next(generator)\n            except StopIteration:\n                raise ValueError(f\"{request.fixturename} did not yield a value\") from None\n            finalizer = functools.partial(_teardown_yield_fixture, fixturefunc, generator)\n            request.addfinalizer(finalizer)\n        else:\n            fixturefunc = cast(Callable[..., FixtureValue], fixturefunc)\n>           fixture_result = fixturefunc(**kwargs)\n\nvenv\\Lib\\site-packages\\_pytest\\fixtures.py:897: \n_ _ _ _ _ _ _ _ _ _ _ _ _ _ _ _ _ _ _ _ _ _ _ _ _ _ _ _ _ _ _ _ _ _ _ _ _ _ _ _\n\n    @then(parsers.parse(\"Verify item not in cart\"))\n    def verify_item_not_in_cart():\n        sdpp = SauceDemoProductPage(driver)\n        status = sdpp.verify_item(\"Sauce Labs Backpack\")\n        print(status)\n>       assert False,status\nE       AssertionError: None\nE       assert False\n\ntests\\test_cases\\test_saucedemo.py:187: AssertionError"}, "description": "D:\\Project\\QE_JavaPython\\framework_python\\test_py_web\\tests\\test_cases\\..\\features\\sauce_demo.feature: TC013_Remove products from cart", "steps": [{"name": "Login into sauce demo using id and password", "status": "passed", "start": 1723451320972, "stop": 1723451321160}, {"name": "Click login button", "status": "passed", "start": 1723451324162, "stop": 1723451324331}, {"name": "Click add to cart", "status": "passed", "start": 1723451327336, "stop": 1723451327395}, {"name": "Click go to cart", "status": "passed", "start": 1723451330397, "stop": 1723451330489}, {"name": "Click remove from cart", "status": "passed", "start": 1723451333491, "stop": 1723451333574}], "attachments": [{"name": "log", "source": "3fe4adbf-934b-46d3-94f5-ae41195213e4-attachment.txt", "type": "text/plain"}, {"name": "stdout", "source": "5424879c-4545-404d-80a1-aebd912fd351-attachment.txt", "type": "text/plain"}], "start": 1723451310969, "stop": 1723451340642, "uuid": "ad5a55fe-84b2-4043-997d-2be0052e39b6", "historyId": "3d386302d829fd9769bd0dde8498d09d", "testCaseId": "3d386302d829fd9769bd0dde8498d09d", "fullName": "tests.test_cases.test_saucedemo#test_report_tc13", "labels": [{"name": "feature", "value": "Validate removal of product from cart"}, {"name": "severity", "value": "minor"}, {"name": "tag", "value": "@pytest.mark.usefixtures"}, {"name": "parentSuite", "value": "tests.test_cases"}, {"name": "suite", "value": "test_saucedemo"}, {"name": "host", "value": "TIGER04836"}, {"name": "thread", "value": "9160-MainThread"}, {"name": "framework", "value": "pytest"}, {"name": "language", "value": "cpython3"}, {"name": "package", "value": "tests.test_cases.test_saucedemo"}]}