{"name": "TC013_Remove products from cart", "status": "failed", "statusDetails": {"message": "AssertionError: False\nassert False", "trace": "fixturefunc = <function verify_item_not_in_cart at 0x0000026CD3268C20>\nrequest = <FixtureRequest for <Function test_report_tc13>>, kwargs = {}\n\n    def call_fixture_func(\n        fixturefunc: _FixtureFunc[FixtureValue], request: FixtureRequest, kwargs\n    ) -> FixtureValue:\n        if is_generator(fixturefunc):\n            fixturefunc = cast(\n                Callable[..., Generator[FixtureValue, None, None]], fixturefunc\n            )\n            generator = fixturefunc(**kwargs)\n            try:\n                fixture_result = next(generator)\n            except StopIteration:\n                raise ValueError(f\"{request.fixturename} did not yield a value\") from None\n            finalizer = functools.partial(_teardown_yield_fixture, fixturefunc, generator)\n            request.addfinalizer(finalizer)\n        else:\n            fixturefunc = cast(Callable[..., FixtureValue], fixturefunc)\n>           fixture_result = fixturefunc(**kwargs)\n\nvenv\\Lib\\site-packages\\_pytest\\fixtures.py:897: \n_ _ _ _ _ _ _ _ _ _ _ _ _ _ _ _ _ _ _ _ _ _ _ _ _ _ _ _ _ _ _ _ _ _ _ _ _ _ _ _\n\n    @then(parsers.parse(\"Verify item not in cart\"))\n    def verify_item_not_in_cart():\n        sdpp = SauceDemoProductPage(driver)\n        status = sdpp.verify_item(\"Sauce Labs Backpack\")\n        print(status)\n>       assert status, False\nE       AssertionError: False\nE       assert False\n\ntests\\test_cases\\test_saucedemo.py:187: AssertionError"}, "description": "D:\\Project\\QE_JavaPython\\framework_python\\test_py_web\\tests\\test_cases\\..\\features\\sauce_demo.feature: TC013_Remove products from cart", "steps": [{"name": "Login into sauce demo using id and password", "status": "passed", "start": 1723452963935, "stop": 1723452964128}, {"name": "Click login button", "status": "passed", "start": 1723452967131, "stop": 1723452967214}, {"name": "Click add to cart", "status": "passed", "start": 1723452970226, "stop": 1723452970263}, {"name": "Click go to cart", "status": "passed", "start": 1723452973267, "stop": 1723452973313}, {"name": "Click remove from cart", "status": "passed", "start": 1723452976314, "stop": 1723452976356}], "attachments": [{"name": "log", "source": "c76f2962-0d0f-404c-b1f8-55d6915124d5-attachment.txt", "type": "text/plain"}, {"name": "stdout", "source": "0b6240b0-e31a-4dce-8279-5e7932cb056a-attachment.txt", "type": "text/plain"}], "start": 1723452953931, "stop": 1723452983391, "uuid": "30fe34cd-07ae-43c6-a1fa-813bc01a239a", "historyId": "3d386302d829fd9769bd0dde8498d09d", "testCaseId": "3d386302d829fd9769bd0dde8498d09d", "fullName": "tests.test_cases.test_saucedemo#test_report_tc13", "labels": [{"name": "severity", "value": "minor"}, {"name": "feature", "value": "Validate removal of product from cart"}, {"name": "tag", "value": "@pytest.mark.usefixtures"}, {"name": "parentSuite", "value": "tests.test_cases"}, {"name": "suite", "value": "test_saucedemo"}, {"name": "host", "value": "TIGER04836"}, {"name": "thread", "value": "16552-MainThread"}, {"name": "framework", "value": "pytest"}, {"name": "language", "value": "cpython3"}, {"name": "package", "value": "tests.test_cases.test_saucedemo"}]}