{"name": "TC013_Remove products from cart", "status": "failed", "statusDetails": {"message": "AssertionError: True\nassert False", "trace": "fixturefunc = <function verify_item_not_in_cart at 0x0000023CDB804B80>\nrequest = <FixtureRequest for <Function test_report_tc13>>, kwargs = {}\n\n    def call_fixture_func(\n        fixturefunc: _FixtureFunc[FixtureValue], request: FixtureRequest, kwargs\n    ) -> FixtureValue:\n        if is_generator(fixturefunc):\n            fixturefunc = cast(\n                Callable[..., Generator[FixtureValue, None, None]], fixturefunc\n            )\n            generator = fixturefunc(**kwargs)\n            try:\n                fixture_result = next(generator)\n            except StopIteration:\n                raise ValueError(f\"{request.fixturename} did not yield a value\") from None\n            finalizer = functools.partial(_teardown_yield_fixture, fixturefunc, generator)\n            request.addfinalizer(finalizer)\n        else:\n            fixturefunc = cast(Callable[..., FixtureValue], fixturefunc)\n>           fixture_result = fixturefunc(**kwargs)\n\nvenv\\Lib\\site-packages\\_pytest\\fixtures.py:897: \n_ _ _ _ _ _ _ _ _ _ _ _ _ _ _ _ _ _ _ _ _ _ _ _ _ _ _ _ _ _ _ _ _ _ _ _ _ _ _ _\n\n    @then(parsers.parse(\"Verify item not in cart\"))\n    def verify_item_not_in_cart():\n        sdpp = SauceDemoProductPage(driver)\n        status = sdpp.verify_item(\"Sauce Labs Backpack\")\n        print(status)\n>       assert False, status\nE       AssertionError: True\nE       assert False\n\ntests\\test_cases\\test_saucedemo.py:184: AssertionError"}, "description": "D:\\Project\\QE_JavaPython\\framework_python\\test_py_web\\tests\\test_cases\\..\\features\\sauce_demo.feature: TC013_Remove products from cart", "steps": [{"name": "Login into sauce demo using id and password", "status": "passed", "start": 1723451808677, "stop": 1723451808829}, {"name": "Click login button", "status": "passed", "start": 1723451811830, "stop": 1723451811927}, {"name": "Click add to cart", "status": "passed", "start": 1723451814930, "stop": 1723451814962}, {"name": "Click go to cart", "status": "passed", "start": 1723451817965, "stop": 1723451818022}, {"name": "Click remove from cart", "status": "passed", "start": 1723451821024, "stop": 1723451821066}], "attachments": [{"name": "log", "source": "6cc7276b-40f5-404b-b227-3ac2e0c76204-attachment.txt", "type": "text/plain"}, {"name": "stdout", "source": "b484ac14-e1ee-4736-a3d9-c8803d8e1c7f-attachment.txt", "type": "text/plain"}], "start": 1723451798674, "stop": 1723451828090, "uuid": "ad5401fc-fbc4-4bc6-aef1-5c201fde01e5", "historyId": "3d386302d829fd9769bd0dde8498d09d", "testCaseId": "3d386302d829fd9769bd0dde8498d09d", "fullName": "tests.test_cases.test_saucedemo#test_report_tc13", "labels": [{"name": "severity", "value": "minor"}, {"name": "feature", "value": "Validate removal of product from cart"}, {"name": "tag", "value": "@pytest.mark.usefixtures"}, {"name": "parentSuite", "value": "tests.test_cases"}, {"name": "suite", "value": "test_saucedemo"}, {"name": "host", "value": "TIGER04836"}, {"name": "thread", "value": "8756-MainThread"}, {"name": "framework", "value": "pytest"}, {"name": "language", "value": "cpython3"}, {"name": "package", "value": "tests.test_cases.test_saucedemo"}]}