<?xml version="1.0" encoding="UTF-8"?>
<testsuite name="Cucumber" time="61.763" tests="6" skipped="0" failures="0" errors="0">
<testcase classname="Saucedemo" name="Login with invalid credentials - Example #1.1" time="6.638">
<system-out><![CDATA[
Given Open Browser and click URL............................................passed
When Login with "username" and "pwd"........................................passed
Then Verify not able to login...............................................passed
And Close Browser...........................................................passed
]]></system-out>
</testcase>
<testcase classname="Saucedemo" name="Login with invalid credentials - Example #1.2" time="7.19">
<system-out><![CDATA[
Given Open Browser and click URL............................................passed
When Login with "username" and "pwd"........................................passed
Then Verify not able to login...............................................passed
And Close Browser...........................................................passed
]]></system-out>
</testcase>
<testcase classname="Saucedemo" name="Login without credentials" time="2.568">
<system-out><![CDATA[
Given Open Browser and click URL............................................passed
When Login without username and password....................................passed
Then Verify not able to login with error message............................passed
And Close Browser...........................................................passed
]]></system-out>
</testcase>
<testcase classname="Saucedemo" name="Add products to cart" time="6.102">
<system-out><![CDATA[
Given Open Browser and click URL............................................passed
And Login with "standard_user" and "secret_sauce"...........................passed
When Add product to cart....................................................passed
And Go to cart..............................................................passed
Then Verify item in cart....................................................passed
And Close Browser...........................................................passed
]]></system-out>
</testcase>
<testcase classname="Saucedemo" name="Remove products from cart" time="35.919">
<system-out><![CDATA[
Given Open Browser and click URL............................................passed
And Login with "standard_user" and "secret_sauce"...........................passed
And Add product to cart.....................................................passed
And Go to cart..............................................................passed
When Remove products from cart..............................................passed
Then Verify item not in cart................................................passed
And Close Browser...........................................................passed
]]></system-out>
</testcase>
<testcase classname="Saucedemo" name="Logout to the app" time="2.894">
<system-out><![CDATA[
Given Open Browser and click URL............................................passed
And User Login with credentials.............................................passed
When Logout to the application..............................................passed
Then Verify that user is in logout page.....................................passed
And Close Browser...........................................................passed
]]></system-out>
</testcase>
</testsuite>
